<?xml version="1.0" encoding="UTF-8"?>
<!-- Generated by org.testng.reporters.JUnitXMLReporter -->
<testsuite hostname="SK-SYS-043" name="MOBF PAK TEST NAME" tests="19" failures="1" timestamp="28 Jan 2016 10:52:52 GMT" time="200.722" errors="0">
  <testcase name="GetOrder" time="8.533" classname="pak.MOBFPendingOrder"/>
  <testcase name="ViewOrder" time="12.923" classname="pak.MOBFPendingOrder"/>
  <testcase name="UrgentOrder" time="0.132" classname="pak.MOBFPendingOrder"/>
  <testcase name="ORDERvalidation" time="5.135" classname="pak.MOBFPendingOrder"/>
  <testcase name="QTYvalidation" time="5.238" classname="pak.MOBFPendingOrder"/>
  <testcase name="PRICEvalidation" time="5.271" classname="pak.MOBFPendingOrder"/>
  <testcase name="DATEvalidation" time="5.335" classname="pak.MOBFPendingOrder"/>
  <testcase name="Navigation" time="22.394" classname="pak.MOBFPendingOrder"/>
  <testcase name="SORTBY" time="3.111" classname="pak.MOBFPendingOrder"/>
  <testcase name="NARROWBY" time="5.478" classname="pak.MOBFPendingOrder"/>
  <testcase name="SWIPE" time="4.855" classname="pak.MOBFPendingOrder"/>
  <testcase name="OrderCountPO" time="4.608" classname="pak.MOBFPendingOrder"/>
  <testcase name="SORTBY" time="6.625" classname="pak.MOBFMyOrder"/>
  <testcase name="NARROWBY" time="85.278" classname="pak.MOBFMyOrder">
    <failure type="org.openqa.selenium.TimeoutException" message="Timed out after 30 seconds waiting for presence of element located by: By.xpath: .//*[@class=&amp;apos;skMobff_backBtnIcon&amp;apos;]
Build info: version: &amp;apos;2.48.2&amp;apos;, revision: &amp;apos;41bccdd&amp;apos;, time: &amp;apos;2015-10-09 19:59:12&amp;apos;
System info: host: &amp;apos;SK-SYS-043&amp;apos;, ip: &amp;apos;192.168.2.187&amp;apos;, os.name: &amp;apos;Windows 8.1&amp;apos;, os.arch: &amp;apos;amd64&amp;apos;, os.version: &amp;apos;6.3&amp;apos;, java.version: &amp;apos;1.8.0_05&amp;apos;
Driver info: org.openqa.selenium.chrome.ChromeDriver
Capabilities [{applicationCacheEnabled=false, rotatable=false, mobileEmulationEnabled=true, chrome={userDataDir=C:\Users\SIVAKU~1.N\AppData\Local\Temp\scoped_dir5424_13967}, takesHeapSnapshot=true, databaseEnabled=false, handlesAlerts=true, hasTouchScreen=true, version=47.0.2526.111, platform=WIN8_1, browserConnectionEnabled=false, nativeEvents=true, acceptSslCerts=true, locationContextEnabled=true, webStorageEnabled=true, browserName=chrome, takesScreenshot=true, javascriptEnabled=true, cssSelectorsEnabled=true}]
Session ID: bf5b10ed91abe0c5e7fa164176df8981">
      <![CDATA[org.openqa.selenium.TimeoutException: Timed out after 30 seconds waiting for presence of element located by: By.xpath: .//*[@class='skMobff_backBtnIcon']
Build info: version: '2.48.2', revision: '41bccdd', time: '2015-10-09 19:59:12'
System info: host: 'SK-SYS-043', ip: '192.168.2.187', os.name: 'Windows 8.1', os.arch: 'amd64', os.version: '6.3', java.version: '1.8.0_05'
Driver info: org.openqa.selenium.chrome.ChromeDriver
Capabilities [{applicationCacheEnabled=false, rotatable=false, mobileEmulationEnabled=true, chrome={userDataDir=C:\Users\SIVAKU~1.N\AppData\Local\Temp\scoped_dir5424_13967}, takesHeapSnapshot=true, databaseEnabled=false, handlesAlerts=true, hasTouchScreen=true, version=47.0.2526.111, platform=WIN8_1, browserConnectionEnabled=false, nativeEvents=true, acceptSslCerts=true, locationContextEnabled=true, webStorageEnabled=true, browserName=chrome, takesScreenshot=true, javascriptEnabled=true, cssSelectorsEnabled=true}]
Session ID: bf5b10ed91abe0c5e7fa164176df8981
	at org.openqa.selenium.support.ui.WebDriverWait.timeoutException(WebDriverWait.java:80)
	at org.openqa.selenium.support.ui.FluentWait.until(FluentWait.java:261)
	at pak.MOBFMyOrder.NARROWBY(MOBFMyOrder.java:80)
Caused by: org.openqa.selenium.NoSuchElementException: no such element: Unable to locate element: {"method":"xpath","selector":".//*[@class='skMobff_backBtnIcon']"}
  (Session info: chrome=47.0.2526.111)
  (Driver info: chromedriver=2.20.353145 (343b531d31eeb933ec778dbcf7081628a1396067),platform=Windows NT 6.3 x86_64) (WARNING: The server did not provide any stacktrace information)
Command duration or timeout: 40.92 seconds
For documentation on this error, please visit: http://seleniumhq.org/exceptions/no_such_element.html
Build info: version: '2.48.2', revision: '41bccdd', time: '2015-10-09 19:59:12'
System info: host: 'SK-SYS-043', ip: '192.168.2.187', os.name: 'Windows 8.1', os.arch: 'amd64', os.version: '6.3', java.version: '1.8.0_05'
Driver info: org.openqa.selenium.chrome.ChromeDriver
Capabilities [{applicationCacheEnabled=false, rotatable=false, mobileEmulationEnabled=true, chrome={userDataDir=C:\Users\SIVAKU~1.N\AppData\Local\Temp\scoped_dir5424_13967}, takesHeapSnapshot=true, databaseEnabled=false, handlesAlerts=true, hasTouchScreen=true, version=47.0.2526.111, platform=WIN8_1, browserConnectionEnabled=false, nativeEvents=true, acceptSslCerts=true, locationContextEnabled=true, webStorageEnabled=true, browserName=chrome, takesScreenshot=true, javascriptEnabled=true, cssSelectorsEnabled=true}]
Session ID: bf5b10ed91abe0c5e7fa164176df8981
*** Element info: {Using=xpath, value=.//*[@class='skMobff_backBtnIcon']}
	at org.openqa.selenium.remote.ErrorHandler.createThrowable(ErrorHandler.java:206)
	at org.openqa.selenium.remote.ErrorHandler.throwIfResponseFailed(ErrorHandler.java:158)
	at org.openqa.selenium.remote.RemoteWebDriver.execute(RemoteWebDriver.java:647)
	at org.openqa.selenium.remote.RemoteWebDriver.findElement(RemoteWebDriver.java:353)
	at org.openqa.selenium.remote.RemoteWebDriver.findElementByXPath(RemoteWebDriver.java:490)
	at org.openqa.selenium.By$ByXPath.findElement(By.java:361)
	at org.openqa.selenium.remote.RemoteWebDriver.findElement(RemoteWebDriver.java:345)
	at org.openqa.selenium.support.ui.ExpectedConditions.findElement(ExpectedConditions.java:911)
	at org.openqa.selenium.support.ui.ExpectedConditions.access$0(ExpectedConditions.java:909)
	at org.openqa.selenium.support.ui.ExpectedConditions$6.apply(ExpectedConditions.java:181)
	at org.openqa.selenium.support.ui.ExpectedConditions$6.apply(ExpectedConditions.java:1)
	at org.openqa.selenium.support.ui.FluentWait.until(FluentWait.java:238)
	... 25 more
... Removed 28 stack frames]]>
    </failure>
  </testcase> <!-- NARROWBY -->
  <testcase name="VIEWALL" time="7.5" classname="pak.MOBFMyOrder"/>
  <testcase name="ORDERvalidation" time="4.618" classname="pak.MOBFMyOrder"/>
  <testcase name="QTYvalidation" time="4.599" classname="pak.MOBFMyOrder"/>
  <testcase name="PRICEvalidation" time="4.513" classname="pak.MOBFMyOrder"/>
  <testcase name="DATEvalidation" time="4.536" classname="pak.MOBFMyOrder"/>
</testsuite> <!-- MOBF PAK TEST NAME -->
