<?xml version="1.0" encoding="UTF-8"?>
<!-- Generated by org.testng.reporters.JUnitXMLReporter -->
<testsuite hostname="SK-SYS-043" name="MOBF PAK TEST NAME" tests="19" failures="0" timestamp="27 Jan 2016 12:56:07 GMT" time="127.365" errors="0">
  <testcase name="GetOrder" time="24.7" classname="Test.MOBFPendingOrder"/>
  <testcase name="ViewOrder" time="12.2" classname="Test.MOBFPendingOrder"/>
  <testcase name="UrgentOrder" time="0.162" classname="Test.MOBFPendingOrder"/>
  <testcase name="ORDERvalidation" time="4.82" classname="Test.MOBFPendingOrder"/>
  <testcase name="QTYvalidation" time="4.91" classname="Test.MOBFPendingOrder"/>
  <testcase name="PRICEvalidation" time="4.932" classname="Test.MOBFPendingOrder"/>
  <testcase name="DATEvalidation" time="5.028" classname="Test.MOBFPendingOrder"/>
  <testcase name="OrderList" time="0.162" classname="Test.MOBFPendingOrder"/>
  <testcase name="Navigation" time="21.016" classname="Test.MOBFPendingOrder"/>
  <testcase name="SORTBY" time="2.938" classname="Test.MOBFPendingOrder"/>
  <testcase name="NARROWBY" time="5.146" classname="Test.MOBFPendingOrder"/>
  <testcase name="SWIPE" time="8.71" classname="Test.MOBFPendingOrder"/>
  <testcase name="NARROWBY" time="4.984" classname="Test.MOBFMyOrder"/>
  <testcase name="SORTBY" time="2.279" classname="Test.MOBFMyOrder"/>
  <testcase name="VIEWALL" time="7.27" classname="Test.MOBFMyOrder"/>
  <testcase name="ORDERvalidation" time="4.609" classname="Test.MOBFMyOrder"/>
  <testcase name="QTYvalidation" time="4.446" classname="Test.MOBFMyOrder"/>
  <testcase name="PRICEvalidation" time="4.416" classname="Test.MOBFMyOrder"/>
  <testcase name="DATEvalidation" time="4.61" classname="Test.MOBFMyOrder"/>
</testsuite> <!-- MOBF PAK TEST NAME -->
