<?xml version="1.0" encoding="UTF-8"?>
<!-- Generated by org.testng.reporters.JUnitXMLReporter -->
<testsuite hostname="SK-SYS-043" name="DEMO TEST" tests="7" failures="0" timestamp="3 Feb 2016 10:29:23 GMT" time="153.849" errors="0">
  <testcase name="GetOrder" time="11.686" classname="Test.MOBFPendingOrder"/>
  <testcase name="SWIPE" time="8.295" classname="Test.MOBFPendingOrder"/>
  <testcase name="Scan" time="101.115" classname="Test.MOBFMyOrder"/>
  <testcase name="SWIPE" time="4.441" classname="Test.MOBFMyOrder"/>
  <testcase name="OrderCountPO" time="11.355" classname="Test.MOBFCompleteOrder"/>
  <testcase name="SWIPE" time="8.317" classname="Test.MOBFCompleteOrder"/>
  <testcase name="REVERSESWIPE" time="8.623" classname="Test.MOBFArchieveOrder"/>
</testsuite> <!-- DEMO TEST -->
