<?xml version="1.0" encoding="UTF-8"?>
<!-- Generated by org.testng.reporters.JUnitXMLReporter -->
<testsuite hostname="SK-SYS-043" name="DEMO TEST" tests="7" failures="0" timestamp="3 Feb 2016 10:35:07 GMT" time="155.833" errors="0">
  <testcase name="GetOrder" time="14.208" classname="Test.MOBFPendingOrder"/>
  <testcase name="SWIPE" time="8.283" classname="Test.MOBFPendingOrder"/>
  <testcase name="Scan" time="100.631" classname="Test.MOBFMyOrder"/>
  <testcase name="SWIPE" time="4.374" classname="Test.MOBFMyOrder"/>
  <testcase name="OrderCountPO" time="11.352" classname="Test.MOBFCompleteOrder"/>
  <testcase name="SWIPE" time="8.339" classname="Test.MOBFCompleteOrder"/>
  <testcase name="REVERSESWIPE" time="8.628" classname="Test.MOBFArchieveOrder"/>
</testsuite> <!-- DEMO TEST -->
