<?xml version="1.0" encoding="UTF-8"?>
<!-- Generated by org.testng.reporters.JUnitXMLReporter -->
<testsuite hostname="SK-SYS-043" name="Default test" tests="11" failures="0" timestamp="6 Jan 2016 07:02:14 GMT" time="69.887" errors="0">
  <testcase name="GetOrder" time="7.61" classname="Test.Sample"/>
  <testcase name="ViewOrder" time="12.137" classname="Test.Sample"/>
  <testcase name="UrgentOrder" time="0.145" classname="Test.Sample"/>
  <testcase name="ORDERvalidation" time="4.82" classname="Test.Sample"/>
  <testcase name="QTYvalidation" time="4.883" classname="Test.Sample"/>
  <testcase name="PRICEvalidation" time="4.908" classname="Test.Sample"/>
  <testcase name="DATEvalidation" time="4.994" classname="Test.Sample"/>
  <testcase name="OrderList" time="0.146" classname="Test.Sample"/>
  <testcase name="Navigation" time="21.046" classname="Test.Sample"/>
  <testcase name="SORTBY" time="2.458" classname="Test.Sample"/>
  <testcase name="NARROWBY" time="3.02" classname="Test.Sample"/>
</testsuite> <!-- Default test -->
