<?xml version="1.0" encoding="UTF-8"?>
<!-- Generated by org.testng.reporters.JUnitXMLReporter -->
<testsuite hostname="SK-SYS-043" name="Default test" tests="11" failures="0" timestamp="6 Jan 2016 13:20:05 GMT" time="71.36" errors="0">
  <testcase name="GetOrder" time="8.392" classname="pak.Sample"/>
  <testcase name="ViewOrder" time="12.17" classname="pak.Sample"/>
  <testcase name="UrgentOrder" time="0.15" classname="pak.Sample"/>
  <testcase name="ORDERvalidation" time="4.808" classname="pak.Sample"/>
  <testcase name="QTYvalidation" time="4.88" classname="pak.Sample"/>
  <testcase name="PRICEvalidation" time="4.857" classname="pak.Sample"/>
  <testcase name="DATEvalidation" time="4.986" classname="pak.Sample"/>
  <testcase name="OrderList" time="0.146" classname="pak.Sample"/>
  <testcase name="Navigation" time="20.971" classname="pak.Sample"/>
  <testcase name="SORTBY" time="2.93" classname="pak.Sample"/>
  <testcase name="NARROWBY" time="3.027" classname="pak.Sample"/>
</testsuite> <!-- Default test -->
