<?xml version="1.0" encoding="UTF-8"?>
<!-- Generated by org.testng.reporters.JUnitXMLReporter -->
<testsuite hostname="SK-SYS-043" name="MOBF DEMO Test in Automation" tests="11" failures="0" timestamp="6 Jan 2016 07:04:01 GMT" time="69.737" errors="0">
  <testcase name="GetOrder" time="7.575" classname="pak.Sample"/>
  <testcase name="ViewOrder" time="12.173" classname="pak.Sample"/>
  <testcase name="UrgentOrder" time="0.145" classname="pak.Sample"/>
  <testcase name="ORDERvalidation" time="4.803" classname="pak.Sample"/>
  <testcase name="QTYvalidation" time="4.888" classname="pak.Sample"/>
  <testcase name="PRICEvalidation" time="4.886" classname="pak.Sample"/>
  <testcase name="DATEvalidation" time="4.979" classname="pak.Sample"/>
  <testcase name="OrderList" time="0.15" classname="pak.Sample"/>
  <testcase name="Navigation" time="20.992" classname="pak.Sample"/>
  <testcase name="SORTBY" time="2.436" classname="pak.Sample"/>
  <testcase name="NARROWBY" time="2.99" classname="pak.Sample"/>
</testsuite> <!-- MOBF DEMO Test in Automation -->
