<?xml version="1.0" encoding="UTF-8"?>
<!-- Generated by org.testng.reporters.JUnitXMLReporter -->
<testsuite hostname="SK-SYS-043" name="MOBF TestName" tests="9" failures="0" timestamp="29 Dec 2015 13:32:07 GMT" time="61.371" errors="0">
  <testcase name="TestOrder4" time="0.004" classname="pak.MOBF_PO"/>
  <testcase name="TestOrder5" time="0.001" classname="pak.MOBF_PO"/>
  <testcase name="TestOrder6" time="0.001" classname="pak.MOBF_PO"/>
  <testcase name="ScrollOrder" time="35.292" classname="pak.MOBF_PO"/>
  <testcase name="ViewOrder" time="1.963" classname="pak.MOBF_PO"/>
  <testcase name="UrgentOrder" time="0.07" classname="pak.MOBF_PO"/>
  <testcase name="ORDERvalidation" time="9.404" classname="pak.MOBF_PO"/>
  <testcase name="QTYvalidation" time="3.293" classname="pak.MOBF_PO"/>
  <testcase name="PRICEvalidation" time="9.414" classname="pak.MOBF_PO"/>
</testsuite> <!-- MOBF TestName -->
