<?xml version="1.0" encoding="UTF-8"?>
<!-- Generated by org.testng.reporters.JUnitXMLReporter -->
<testsuite hostname="SK-SYS-043" name="MOBF TestName" tests="4" failures="0" timestamp="29 Dec 2015 06:49:53 GMT" time="40.893" errors="0">
  <testcase name="ScrollOrder" time="36.889" classname="pak.MOBF_PO"/>
  <testcase name="ViewOrder" time="1.973" classname="pak.MOBF_PO"/>
  <testcase name="UrgentOrder" time="0.07" classname="pak.MOBF_PO"/>
  <testcase name="TestOrder2" time="0.001" classname="pak.MOBF_PO"/>
</testsuite> <!-- MOBF TestName -->
