<?xml version="1.0" encoding="UTF-8"?>
<testsuite name="MOBF PAK TEST NAME"
           tests="12"
           failures="0"
           errors="0"
           skipped="0"
           time="97.169">
  <properties />
  
  
            <testcase name="ViewOrder" time="12.196" classname="pak.MOBFPendingOrder" />
                <testcase name="Navigation" time="21.046" classname="pak.MOBFPendingOrder" />
                <testcase name="DATEvalidation" time="5.001" classname="pak.MOBFPendingOrder" />
                <testcase name="UrgentOrder" time="0.168" classname="pak.MOBFPendingOrder" />
                <testcase name="OrderList" time="0.158" classname="pak.MOBFPendingOrder" />
                <testcase name="PRICEvalidation" time="4.923" classname="pak.MOBFPendingOrder" />
                <testcase name="QTYvalidation" time="4.934" classname="pak.MOBFPendingOrder" />
                <testcase name="SWIPE" time="8.567" classname="pak.MOBFPendingOrder" />
                <testcase name="ORDERvalidation" time="4.806" classname="pak.MOBFPendingOrder" />
                <testcase name="NARROWBY" time="5.126" classname="pak.MOBFPendingOrder" />
                <testcase name="GetOrder" time="27.319" classname="pak.MOBFPendingOrder" />
                <testcase name="SORTBY" time="2.925" classname="pak.MOBFPendingOrder" />
      
</testsuite>
