<?xml version="1.0" encoding="UTF-8"?>
<testsuite name="MOBF PAK TEST NAME"
           tests="10"
           failures="0"
           errors="0"
           skipped="0"
           time="75.289">
  <properties />
  
  
            <testcase name="OrderList" time="0.223" classname="pak.CopyOfSample" />
                <testcase name="ORDERvalidation" time="5.041" classname="pak.CopyOfSample" />
                <testcase name="SWIPE1" time="9.421" classname="pak.CopyOfSample" />
                <testcase name="QTYvalidation" time="5.203" classname="pak.CopyOfSample" />
                <testcase name="PRICEvalidation" time="5.234" classname="pak.CopyOfSample" />
                <testcase name="Navigation" time="22.104" classname="pak.CopyOfSample" />
                <testcase name="ViewOrder" time="12.776" classname="pak.CopyOfSample" />
                <testcase name="UrgentOrder" time="0.231" classname="pak.CopyOfSample" />
                <testcase name="DATEvalidation" time="5.214" classname="pak.CopyOfSample" />
                <testcase name="GetOrder" time="9.842" classname="pak.CopyOfSample" />
      
</testsuite>
