<?xml version="1.0" encoding="UTF-8"?>
<testsuite name="MOBF TestName"
           tests="4"
           failures="0"
           errors="0"
           skipped="0"
           time="35.024">
  <properties />
  
  
            <testcase name="ViewOrder" time="0.750" classname="pak.MOBF_PO" />
                <testcase name="UrgentOrder" time="0.074" classname="pak.MOBF_PO" />
                <testcase name="ScrollOrder" time="34.199" classname="pak.MOBF_PO" />
                <testcase name="TestOrder" time="0.001" classname="pak.MOBF_PO" />
      
</testsuite>
