<?xml version="1.0" encoding="UTF-8"?>
<testsuite name="MOBF TestName"
           tests="4"
           failures="0"
           errors="0"
           skipped="0"
           time="38.933">
  <properties />
  
  
            <testcase name="UrgentOrder" time="0.070" classname="pak.MOBF_PO" />
                <testcase name="ScrollOrder" time="36.889" classname="pak.MOBF_PO" />
                <testcase name="ViewOrder" time="1.973" classname="pak.MOBF_PO" />
                <testcase name="TestOrder2" time="0.001" classname="pak.MOBF_PO" />
      
</testsuite>
