<?xml version="1.0" encoding="UTF-8"?>
<testsuite name="DEMO@123 TestName"
           tests="7"
           failures="0"
           errors="0"
           skipped="0"
           time="74.981">
  <properties />
  
  
            <testcase name="QTYvalidation" time="3.287" classname="pak.Demo" />
                <testcase name="ScrollOrder" time="34.192" classname="pak.Demo" />
                <testcase name="Swipe" time="12.021" classname="pak.Demo" />
                <testcase name="PRICEvalidation" time="9.481" classname="pak.Demo" />
                <testcase name="ORDERvalidation" time="9.485" classname="pak.Demo" />
                <testcase name="ViewOrder" time="6.491" classname="pak.Demo" />
                <testcase name="UrgentOrder" time="0.024" classname="pak.Demo" />
      
</testsuite>
