<?xml version="1.0" encoding="UTF-8"?>
<testsuite name="MOBF PAK TEST NAME"
           tests="5"
           failures="0"
           errors="0"
           skipped="0"
           time="97.976">
  <properties />
  
  
            <testcase name="NARROWBY" time="4.757" classname="pak.MOBFMyOrder" />
                <testcase name="SORTBY" time="6.297" classname="pak.MOBFMyOrder" />
                <testcase name="VIEWALLCount" time="4.307" classname="pak.MOBFMyOrder" />
                <testcase name="Scan" time="78.301" classname="pak.MOBFMyOrder" />
                <testcase name="SWIPE" time="4.314" classname="pak.MOBFMyOrder" />
      
</testsuite>
