<?xml version="1.0" encoding="UTF-8"?>
<testsuite name="DEMO TEST"
           tests="12"
           failures="0"
           errors="0"
           skipped="0"
           time="92.029">
  <properties />
  
  
            <testcase name="QTYvalidation" time="4.941" classname="Test.MOBFPendingOrder" />
                <testcase name="NARROWBY" time="13.160" classname="Test.MOBFPendingOrder" />
                <testcase name="OrderCountPO" time="4.352" classname="Test.MOBFPendingOrder" />
                <testcase name="PRICEvalidation" time="4.932" classname="Test.MOBFPendingOrder" />
                <testcase name="GetOrder" time="14.051" classname="Test.MOBFPendingOrder" />
                <testcase name="ViewOrder" time="12.172" classname="Test.MOBFPendingOrder" />
                <testcase name="SORTBY" time="2.925" classname="Test.MOBFPendingOrder" />
                <testcase name="SWIPE" time="4.456" classname="Test.MOBFPendingOrder" />
                <testcase name="Navigation" time="21.141" classname="Test.MOBFPendingOrder" />
                <testcase name="DATEvalidation" time="4.933" classname="Test.MOBFPendingOrder" />
                <testcase name="ORDERvalidation" time="4.836" classname="Test.MOBFPendingOrder" />
                <testcase name="UrgentOrder" time="0.130" classname="Test.MOBFPendingOrder" />
      
</testsuite>
