<?xml version="1.0" encoding="UTF-8"?>
<testsuite name="DEMO TEST"
           tests="7"
           failures="0"
           errors="0"
           skipped="0"
           time="40.515">
  <properties />
  
  
            <testcase name="ORDERvalidation" time="4.546" classname="Test.MOBFMyOrder" />
                <testcase name="NARROWBY" time="8.673" classname="Test.MOBFMyOrder" />
                <testcase name="VIEWALL" time="7.418" classname="Test.MOBFMyOrder" />
                <testcase name="DATEvalidation" time="4.608" classname="Test.MOBFMyOrder" />
                <testcase name="QTYvalidation" time="4.510" classname="Test.MOBFMyOrder" />
                <testcase name="SORTBY" time="6.259" classname="Test.MOBFMyOrder" />
                <testcase name="PRICEvalidation" time="4.501" classname="Test.MOBFMyOrder" />
      
</testsuite>
