<?xml version="1.0" encoding="UTF-8"?>
<testsuite name="Sample Test MOBF"
           tests="12"
           failures="0"
           errors="0"
           skipped="0"
           time="85.469">
  <properties />
  
  
            <testcase name="SWIPE" time="8.890" classname="Test.SamplePO" />
                <testcase name="ORDERvalidation" time="4.809" classname="Test.SamplePO" />
                <testcase name="Navigation" time="21.015" classname="Test.SamplePO" />
                <testcase name="NARROWBY" time="5.144" classname="Test.SamplePO" />
                <testcase name="SORTBY" time="2.935" classname="Test.SamplePO" />
                <testcase name="QTYvalidation" time="4.995" classname="Test.SamplePO" />
                <testcase name="GetOrder" time="15.111" classname="Test.SamplePO" />
                <testcase name="DATEvalidation" time="4.998" classname="Test.SamplePO" />
                <testcase name="ViewOrder" time="12.186" classname="Test.SamplePO" />
                <testcase name="OrderList" time="0.205" classname="Test.SamplePO" />
                <testcase name="PRICEvalidation" time="4.948" classname="Test.SamplePO" />
                <testcase name="UrgentOrder" time="0.233" classname="Test.SamplePO" />
      
</testsuite>
